=========================================================
Delta Sharing E2E Integration Tests (Databricks Server)
=========================================================

DB_ENDPOINT is https://eastus-c3.azuredatabricks.net/api/2.0/delta-sharing/metastores/88b565d0-d549-486d-8854-fad58d9a179c
Running E2E tests against remote table: prequel_dev_share.prequel_dev.orders (EXPECTED TO HAVE DELETION VECTORS)...
---------------------------------------------------------
Describing orders table to verify schema mapping...
┌─────────┐
│ Success │
│ boolean │
├─────────┤
│ true    │
└─────────┘
Connecting to URL: https://eastus-c3.azuredatabricks.net/api/2.0/delta-sharing/metastores/88b565d0-d549-486d-8854-fad58d9a179c/shares/prequel_dev_share/schemas/prequel_dev/tables/orders/query
[90m┌────────────────────────────────┐[00m[90m
[00m[90m│            [00m[1mDescribe[00m[90m            │[00m[90m
[00m[90m│                                │[00m[90m
[00m[90m│ [00morder_id[90m             [00m[90mvarchar[00m[90m   [00m[90m│[00m[90m
[00m[90m│ [00morganization_id[90m      [00m[90mvarchar[00m[90m   [00m[90m│[00m[90m
[00m[90m│ [00mcustomer_id[90m          [00m[90mvarchar[00m[90m   [00m[90m│[00m[90m
[00m[90m│ [00morder_total_amount[90m   [00m[90mvarchar[00m[90m   [00m[90m│[00m[90m
[00m[90m│ [00morder_status[90m         [00m[90mvarchar[00m[90m   [00m[90m│[00m[90m
[00m[90m│ [00mordered_at[90m           [00m[90mtimestamp[00m[90m [00m[90m│[00m[90m
[00m[90m│ [00mupdated_at[90m           [00m[90mtimestamp[00m[90m [00m[90m│[00m[90m
[00m[90m│ [00morder_payment_method[90m [00m[90mvarchar[00m[90m   [00m[90m│[00m[90m
[00m[90m└────────────────────────────────┘[00m[90m
[00m
┌─────────┐
│ Success │
│ boolean │
├─────────┤
│ true    │
└─────────┘
Connecting to URL: https://eastus-c3.azuredatabricks.net/api/2.0/delta-sharing/metastores/88b565d0-d549-486d-8854-fad58d9a179c/shares/prequel_dev_share/schemas/prequel_dev/tables/orders/query
┌──────────┬─────────────────┬─────────────┬────────────────────┬──────────────┬─────────────────────┬────────────────────────────┬──────────────────────┐
│ order_id │ organization_id │ customer_id │ order_total_amount │ order_status │     ordered_at      │         updated_at         │ order_payment_method │
│ varchar  │     varchar     │   varchar   │      varchar       │   varchar    │      timestamp      │         timestamp          │       varchar        │
├──────────┼─────────────────┼─────────────┼────────────────────┼──────────────┼─────────────────────┼────────────────────────────┼──────────────────────┤
│ ord_001  │ org_1           │ cust_001    │ 125.50             │ refunded     │ 2026-03-05 13:10:00 │ 2026-04-08 18:57:42.730887 │ NULL                 │
│ ord_001  │ org_1           │ cust_001    │ 125.50             │ paid         │ 2026-03-05 13:10:00 │ 2026-03-10 09:05:00        │ NULL                 │
│ ord_002  │ org_1           │ cust_002    │ 89.99              │ fulfilled    │ 2026-03-06 15:20:00 │ 2026-03-11 13:00:00        │ NULL                 │
│ ord_003  │ org_2           │ cust_003    │ 240.00             │ pending      │ 2026-03-07 17:45:00 │ 2026-03-12 14:20:00        │ NULL                 │
│ ord_004  │ org_2           │ cust_004    │ 15.75              │ cancelled    │ 2026-03-08 09:30:00 │ 2026-03-13 16:30:00        │ NULL                 │
│ ord_005  │ org_1           │ cust_001    │ 55.00              │ paid         │ 2026-03-14 10:00:00 │ 2026-03-14 10:00:00        │ card                 │
│ ord_006  │ org_2           │ cust_003    │ 310.25             │ paid         │ 2026-03-15 12:15:00 │ 2026-03-15 12:15:00        │ ach                  │
│ ord_007  │ org_1           │ cust_002    │ 72.40              │ pending      │ 2026-03-16 14:30:00 │ 2026-03-16 14:30:00        │ card                 │
└──────────┴─────────────────┴─────────────┴────────────────────┴──────────────┴─────────────────────┴────────────────────────────┴──────────────────────┘

DB_ENDPOINT is https://eastus-c3.azuredatabricks.net/api/2.0/delta-sharing/metastores/88b565d0-d549-486d-8854-fad58d9a179c
Running E2E tests against remote table: prequel_dev_share.prequel_dev.events...
---------------------------------------------------------
┌─────────┐
│ Success │
│ boolean │
├─────────┤
│ true    │
└─────────┘
Connecting to URL: https://eastus-c3.azuredatabricks.net/api/2.0/delta-sharing/metastores/88b565d0-d549-486d-8854-fad58d9a179c/shares/prequel_dev_share/schemas/prequel_dev/tables/events/query
┌──────────┬─────────────────┬─────────────┬──────────┬────────────┬──────────────┬─────────────────────┬─────────────────────┬────────────────────┐
│ event_id │ organization_id │ customer_id │ order_id │ event_type │ event_source │  event_occurred_at  │     updated_at      │ event_payload_json │
│ varchar  │     varchar     │   varchar   │ varchar  │  varchar   │   varchar    │      timestamp      │      timestamp      │      varchar       │
├──────────┼─────────────────┼─────────────┼──────────┼────────────┼──────────────┼─────────────────────┼─────────────────────┼────────────────────┤
│ evt_001  │ org_1           │ cust_001    │ ord_001  │ order_paid │ billing      │ 2026-03-05 13:15:00 │ 2026-03-10 09:06:00 │ {}                 │
└──────────┴─────────────────┴─────────────┴──────────┴────────────┴──────────────┴─────────────────────┴─────────────────────┴────────────────────┘

DB_ENDPOINT is https://eastus-c3.azuredatabricks.net/api/2.0/delta-sharing/metastores/88b565d0-d549-486d-8854-fad58d9a179c
Running E2E tests against remote table: prequel_dev_share.prequel_dev.master_table...
---------------------------------------------------------
HTTP Error: QueryTable error: request failed. Shared Table 'prequel_dev.master_table' does not exist.
┌─────────┐
│ Success │
│ boolean │
├─────────┤
│ true    │
└─────────┘
Connecting to URL: https://eastus-c3.azuredatabricks.net/api/2.0/delta-sharing/metastores/88b565d0-d549-486d-8854-fad58d9a179c/shares/prequel_dev_share/schemas/prequel_dev/tables/master_table/query
